[debug] [2023-11-27T09:23:43.510Z] ----------------------------------------------------------------------
[debug] [2023-11-27T09:23:43.512Z] Command:       C:\Program Files\nodejs\node.exe C:\Users\Guruprasad\AppData\Roaming\npm\node_modules\firebase-tools\lib\bin\firebase.js init
[debug] [2023-11-27T09:23:43.513Z] CLI Version:   12.8.1
[debug] [2023-11-27T09:23:43.514Z] Platform:      win32
[debug] [2023-11-27T09:23:43.514Z] Node Version:  v18.14.1
[debug] [2023-11-27T09:23:43.515Z] Time:          Mon Nov 27 2023 14:53:43 GMT+0530 (India Standard Time)
[debug] [2023-11-27T09:23:43.515Z] ----------------------------------------------------------------------
[debug] 
[debug] [2023-11-27T09:23:43.518Z] >>> [apiv2][query] GET https://firebase-public.firebaseio.com/cli.json [none]
[debug] [2023-11-27T09:23:43.573Z] > command requires scopes: ["email","openid","https://www.googleapis.com/auth/cloudplatformprojects.readonly","https://www.googleapis.com/auth/firebase","https://www.googleapis.com/auth/cloud-platform"]
[debug] [2023-11-27T09:23:43.574Z] > authorizing via signed-in user (guruprasadmariappan@gmail.com)
[info] 
     ######## #### ########  ######## ########     ###     ######  ########
     ##        ##  ##     ## ##       ##     ##  ##   ##  ##       ##
     ######    ##  ########  ######   ########  #########  ######  ######
     ##        ##  ##    ##  ##       ##     ## ##     ##       ## ##
     ##       #### ##     ## ######## ########  ##     ##  ######  ########

You're about to initialize a Firebase project in this directory:

  C:\Users\Guruprasad\OneDrive\Desktop\react-blogwebsite\my-app

[debug] [2023-11-27T09:23:44.271Z] <<< [apiv2][status] GET https://firebase-public.firebaseio.com/cli.json 200
[debug] [2023-11-27T09:23:44.272Z] <<< [apiv2][body] GET https://firebase-public.firebaseio.com/cli.json {"cloudBuildErrorAfter":1594252800000,"cloudBuildWarnAfter":1590019200000,"defaultNode10After":1594252800000,"minVersion":"3.0.5","node8DeploysDisabledAfter":1613390400000,"node8RuntimeDisabledAfter":1615809600000,"node8WarnAfter":1600128000000}
[info] 
=== Project Setup
[info] 
[info] First, let's associate this project directory with a Firebase project.
[info] You can create multiple project aliases by running firebase use --add, 
[info] but for now we'll just set up a default project.
[info] 
[debug] [2023-11-27T09:25:11.865Z] > refreshing access token with scopes: []
[debug] [2023-11-27T09:25:11.867Z] >>> [apiv2][query] POST https://www.googleapis.com/oauth2/v3/token [none]
[debug] [2023-11-27T09:25:11.867Z] >>> [apiv2][body] POST https://www.googleapis.com/oauth2/v3/token [omitted]
[debug] [2023-11-27T09:25:12.174Z] <<< [apiv2][status] POST https://www.googleapis.com/oauth2/v3/token 200
[debug] [2023-11-27T09:25:12.174Z] <<< [apiv2][body] POST https://www.googleapis.com/oauth2/v3/token [omitted]
[debug] [2023-11-27T09:25:12.217Z] >>> [apiv2][query] GET https://firebase.googleapis.com/v1beta1/projects pageSize=100
[debug] [2023-11-27T09:25:13.000Z] <<< [apiv2][status] GET https://firebase.googleapis.com/v1beta1/projects 200
[debug] [2023-11-27T09:25:13.001Z] <<< [apiv2][body] GET https://firebase.googleapis.com/v1beta1/projects [omitted]
[info] i  Using project blogproject-4caa5 (Blogproject) 
[info] 
=== Hosting Setup
[info] 
[info] Your public directory is the folder (relative to your project directory) that
[info] will contain Hosting assets to be uploaded with firebase deploy. If you
[info] have a build process for your assets, use your build's output directory.
[info] 
[info] +  Wrote build/404.html 
[debug] [2023-11-27T09:30:11.135Z] >>> [apiv2][query] GET https://www.gstatic.com/firebasejs/releases.json [none]
[debug] [2023-11-27T09:30:11.324Z] <<< [apiv2][status] GET https://www.gstatic.com/firebasejs/releases.json 200
[debug] [2023-11-27T09:30:11.325Z] <<< [apiv2][body] GET https://www.gstatic.com/firebasejs/releases.json {"current":{"version":"10.6.0","browserURL":"https://www.gstatic.com/firebasejs/10.6.0/firebase.js","packageURL":"https://www.gstatic.com/firebasejs/10.6.0/firebase.tgz"},"live":{"version":"10.6","browserURL":"https://www.gstatic.com/firebasejs/live/10.6/firebase.js","packageURL":"https://www.gstatic.com/firebasejs/live/10.6/firebase.tgz"},"components":{"analytics":"https://www.gstatic.com/firebasejs/10.6.0/firebase-analytics.js","app":"https://www.gstatic.com/firebasejs/10.6.0/firebase-app.js","app-check":"https://www.gstatic.com/firebasejs/10.6.0/firebase-app-check.js","auth":"https://www.gstatic.com/firebasejs/10.6.0/firebase-auth.js","auth/cordova":"https://www.gstatic.com/firebasejs/10.6.0/firebase-auth/cordova.js","functions":"https://www.gstatic.com/firebasejs/10.6.0/firebase-functions.js","firestore":"https://www.gstatic.com/firebasejs/10.6.0/firebase-firestore.js","firestore/lite":"https://www.gstatic.com/firebasejs/10.6.0/firebase-firestore/lite.js","installations":"https://www.gstatic.com/firebasejs/10.6.0/firebase-installations.js","storage":"https://www.gstatic.com/firebasejs/10.6.0/firebase-storage.js","performance":"https://www.gstatic.com/firebasejs/10.6.0/firebase-performance.js","remote-config":"https://www.gstatic.com/firebasejs/10.6.0/firebase-remote-config.js","messaging":"https://www.gstatic.com/firebasejs/10.6.0/firebase-messaging.js","messaging/sw":"https://www.gstatic.com/firebasejs/10.6.0/firebase-messaging/sw.js","database":"https://www.gstatic.com/firebasejs/10.6.0/firebase-database.js","firestore.memory":"https://www.gstatic.com/firebasejs/10.6.0/firebase-firestore.memory.js"}}
[info] i  Skipping write of build/index.html 
[info] 
[info] i  Detected a .git folder at C:\Users\Guruprasad\OneDrive\Desktop\react-blogwebsite\my-app 
[info] i  Authorizing with GitHub to upload your service account to a GitHub repository's secrets store. 
[info] 
[info] Visit this URL on this device to log in:
[info] https://github.com/login/oauth/authorize?client_id=89cf50f02ac6aaed3484&state=727426364&redirect_uri=http%3A%2F%2Flocalhost%3A9005&scope=read%3Auser%20repo%20public_repo
[info] 
[info] Waiting for authentication...
[debug] [2023-11-27T09:30:36.390Z] >>> [apiv2][query] POST https://github.com/login/oauth/access_token [none]
[debug] [2023-11-27T09:30:36.390Z] >>> [apiv2][body] POST https://github.com/login/oauth/access_token [stream]
[debug] [2023-11-27T09:30:36.995Z] <<< [apiv2][status] POST https://github.com/login/oauth/access_token 200
[debug] [2023-11-27T09:30:36.996Z] <<< [apiv2][body] POST https://github.com/login/oauth/access_token {"access_token":"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","token_type":"bearer","scope":"read:user,repo"}
[debug] [2023-11-27T09:30:37.030Z] >>> [apiv2][query] GET https://api.github.com/user [none]
[debug] [2023-11-27T09:30:37.584Z] <<< [apiv2][status] GET https://api.github.com/user 200
[debug] [2023-11-27T09:30:37.584Z] <<< [apiv2][body] GET https://api.github.com/user {"login":"Guruprasad-M","id":130132548,"node_id":"U_kgDOB8GqRA","avatar_url":"https://avatars.githubusercontent.com/u/130132548?v=4","gravatar_id":"","url":"https://api.github.com/users/Guruprasad-M","html_url":"https://github.com/Guruprasad-M","followers_url":"https://api.github.com/users/Guruprasad-M/followers","following_url":"https://api.github.com/users/Guruprasad-M/following{/other_user}","gists_url":"https://api.github.com/users/Guruprasad-M/gists{/gist_id}","starred_url":"https://api.github.com/users/Guruprasad-M/starred{/owner}{/repo}","subscriptions_url":"https://api.github.com/users/Guruprasad-M/subscriptions","organizations_url":"https://api.github.com/users/Guruprasad-M/orgs","repos_url":"https://api.github.com/users/Guruprasad-M/repos","events_url":"https://api.github.com/users/Guruprasad-M/events{/privacy}","received_events_url":"https://api.github.com/users/Guruprasad-M/received_events","type":"User","site_admin":false,"name":"M GURUPRASAD","company":null,"blog":"https://guruprasadmariappa.wixsite.com/website","location":"coimbatore","email":null,"hireable":null,"bio":null,"twitter_username":null,"public_repos":7,"public_gists":0,"followers":0,"following":1,"created_at":"2023-04-07T06:52:23Z","updated_at":"2023-11-27T09:30:35Z","private_gists":0,"total_private_repos":0,"owned_private_repos":0,"disk_usage":17405,"collaborators":0,"two_factor_authentication":false,"plan":{"name":"free","space":976562499,"collaborators":0,"private_repos":10000}}
[info] 
[info] +  Success! Logged into GitHub as Guruprasad-M 
[info] 
